<?xml version="1.0" encoding="UTF-8"?>
<testsuite xmlns:xsi="http://www.w3.org/2001/XMLSchema-instance" xsi:schemaLocation="https://maven.apache.org/surefire/maven-surefire-plugin/xsd/surefire-test-report.xsd" name="ml.dmlc.xgboost4j.java.OsDetectionTest" time="0.225" tests="8" errors="0" skipped="0" failures="0">
  <properties>
[...]
</properties>
  <testcase name="testForRegularLinux" classname="ml.dmlc.xgboost4j.java.OsDetectionTest$NonParameterizedOSDetectionTest" time="0.22"/>
  <testcase name="testForMuslBasedLinux" classname="ml.dmlc.xgboost4j.java.OsDetectionTest$NonParameterizedOSDetectionTest" time="0.001"/>
  <testcase name="testUnsupportedOs" classname="ml.dmlc.xgboost4j.java.OsDetectionTest$NonParameterizedOSDetectionTest" time="0.001"/>
  <testcase name="getOS[0]" classname="ml.dmlc.xgboost4j.java.OsDetectionTest$ParameterizedOSDetectionTest" time="0"/>
  <testcase name="getOS[1]" classname="ml.dmlc.xgboost4j.java.OsDetectionTest$ParameterizedOSDetectionTest" time="0"/>
  <testcase name="getOS[2]" classname="ml.dmlc.xgboost4j.java.OsDetectionTest$ParameterizedOSDetectionTest" time="0"/>
  <testcase name="getOS[3]" classname="ml.dmlc.xgboost4j.java.OsDetectionTest$ParameterizedOSDetectionTest" time="0.001"/>
  <testcase name="getOS[4]" classname="ml.dmlc.xgboost4j.java.OsDetectionTest$ParameterizedOSDetectionTest" time="0"/>
</testsuite>